<?xml version="1.0" encoding="UTF-8"?>
<testsuite name="com.example.Logger.LoggerImplementation.LoggerImplementationApplicationTests" tests="1" skipped="0" failures="0" errors="0" timestamp="2017-11-13T18:25:24" hostname="DESKTOP-AGLS3OQ" time="0.03">
  <properties/>
  <testcase name="contextLoads" classname="com.example.Logger.LoggerImplementation.LoggerImplementationApplicationTests" time="0.03"/>
  <system-out><![CDATA[2017-11-13 23:55:21.868  INFO DESKTOP-AGLS3OQ --- [    Test worker] .b.t.c.SpringBootTestContextBootstrapper : Neither @ContextConfiguration nor @ContextHierarchy found for test class [com.example.Logger.LoggerImplementation.LoggerImplementationApplicationTests], using SpringBootContextLoader
2017-11-13 23:55:21.875  INFO DESKTOP-AGLS3OQ --- [    Test worker] o.s.t.c.s.AbstractContextLoader          : Could not detect default resource locations for test class [com.example.Logger.LoggerImplementation.LoggerImplementationApplicationTests]: no resource found for suffixes {-context.xml, Context.groovy}.
2017-11-13 23:55:21.877  INFO DESKTOP-AGLS3OQ --- [    Test worker] t.c.s.AnnotationConfigContextLoaderUtils : Could not detect default configuration classes for test class [com.example.Logger.LoggerImplementation.LoggerImplementationApplicationTests]: LoggerImplementationApplicationTests does not declare any static, non-private, non-final, nested classes annotated with @Configuration.
2017-11-13 23:55:21.980  INFO DESKTOP-AGLS3OQ --- [    Test worker] .b.t.c.SpringBootTestContextBootstrapper : Found @SpringBootConfiguration com.example.Logger.LoggerImplementation.LoggerImplementationApplication for test class com.example.Logger.LoggerImplementation.LoggerImplementationApplicationTests
2017-11-13 23:55:21.986  INFO DESKTOP-AGLS3OQ --- [    Test worker] .b.t.c.SpringBootTestContextBootstrapper : Loaded default TestExecutionListener class names from location [META-INF/spring.factories]: [org.springframework.boot.test.autoconfigure.restdocs.RestDocsTestExecutionListener, org.springframework.boot.test.autoconfigure.web.client.MockRestServiceServerResetTestExecutionListener, org.springframework.boot.test.autoconfigure.web.servlet.MockMvcPrintOnlyOnFailureTestExecutionListener, org.springframework.boot.test.autoconfigure.web.servlet.WebDriverTestExecutionListener, org.springframework.boot.test.mock.mockito.MockitoTestExecutionListener, org.springframework.boot.test.mock.mockito.ResetMocksTestExecutionListener, org.springframework.test.context.web.ServletTestExecutionListener, org.springframework.test.context.support.DirtiesContextBeforeModesTestExecutionListener, org.springframework.test.context.support.DependencyInjectionTestExecutionListener, org.springframework.test.context.support.DirtiesContextTestExecutionListener, org.springframework.test.context.transaction.TransactionalTestExecutionListener, org.springframework.test.context.jdbc.SqlScriptsTestExecutionListener]
2017-11-13 23:55:21.998  INFO DESKTOP-AGLS3OQ --- [    Test worker] .b.t.c.SpringBootTestContextBootstrapper : Could not instantiate TestExecutionListener [org.springframework.test.context.jdbc.SqlScriptsTestExecutionListener]. Specify custom listener classes or make the default listener classes (and their required dependencies) available. Offending class: [org/springframework/transaction/interceptor/TransactionAttribute]
2017-11-13 23:55:22.000  INFO DESKTOP-AGLS3OQ --- [    Test worker] .b.t.c.SpringBootTestContextBootstrapper : Could not instantiate TestExecutionListener [org.springframework.test.context.transaction.TransactionalTestExecutionListener]. Specify custom listener classes or make the default listener classes (and their required dependencies) available. Offending class: [org/springframework/transaction/interceptor/TransactionAttributeSource]
2017-11-13 23:55:22.001  INFO DESKTOP-AGLS3OQ --- [    Test worker] .b.t.c.SpringBootTestContextBootstrapper : Using TestExecutionListeners: [org.springframework.test.context.web.ServletTestExecutionListener@2f8250d9, org.springframework.test.context.support.DirtiesContextBeforeModesTestExecutionListener@65200bc8, org.springframework.boot.test.autoconfigure.SpringBootDependencyInjectionTestExecutionListener@1d68bbbc, org.springframework.test.context.support.DirtiesContextTestExecutionListener@4df3e7fc, org.springframework.boot.test.autoconfigure.web.servlet.WebDriverTestExecutionListener@704a7203, org.springframework.boot.test.mock.mockito.MockitoTestExecutionListener@15515989, org.springframework.boot.test.autoconfigure.web.client.MockRestServiceServerResetTestExecutionListener@4dbca5c4, org.springframework.boot.test.mock.mockito.ResetMocksTestExecutionListener@1fa27788, org.springframework.boot.test.autoconfigure.web.servlet.MockMvcPrintOnlyOnFailureTestExecutionListener@3cdbc415, org.springframework.boot.test.autoconfigure.restdocs.RestDocsTestExecutionListener@23595f16]

  .   ____          _            __ _ _
 /\\ / ___'_ __ _ _(_)_ __  __ _ \ \ \ \
( ( )\___ | '_ | '_| | '_ \/ _` | \ \ \ \
 \\/  ___)| |_)| | | | | || (_| |  ) ) ) )
  '  |____| .__|_| |_|_| |_\__, | / / / /
 =========|_|==============|___/=/_/_/_/
 :: Spring Boot ::        (v1.5.8.RELEASE)

]]></system-out>
  <system-err><![CDATA[]]></system-err>
</testsuite>
